<?xml version="1.0" encoding="UTF-8"?>
<!-- Generated by org.testng.reporters.JUnitReportReporter -->
<testsuite skipped="0" hostname="DESKTOP-JDGVO00" name="Day_003_Locators.TC02_name" tests="1" failures="0" timestamp="2021-01-14T17:03:19 IST" time="13.864" errors="1">
  <testcase name="Test2" time="13.864" classname="Day_003_Locators.TC02_name">
    <error type="org.openqa.selenium.SessionNotCreatedException" message="session not created
from chrome not reachable
  (Session info: chrome=87.0.4280.141)
Build info: version: &#039;3.141.59&#039;, revision: &#039;e82be7d358&#039;, time: &#039;2018-11-14T08:17:03&#039;
System info: host: &#039;DESKTOP-JDGVO00&#039;, ip: &#039;192.168.29.2&#039;, os.name: &#039;Windows 10&#039;, os.arch: &#039;amd64&#039;, os.version: &#039;10.0&#039;, java.version: &#039;1.8.0_275&#039;
Driver info: driver.version: ChromeDriver
remote stacktrace: Backtrace:
	Ordinal0 [0x00E4C0C3+3326147]
	Ordinal0 [0x00D30851+2164817]
	Ordinal0 [0x00BB7140+618816]
	Ordinal0 [0x00BAD404+578564]
	Ordinal0 [0x00BADACB+580299]
	Ordinal0 [0x00BAED35+585013]
	Ordinal0 [0x00BA9D61+564577]
	Ordinal0 [0x00BB82C0+623296]
	Ordinal0 [0x00B56BDD+224221]
	Ordinal0 [0x00B55CAC+220332]
	Ordinal0 [0x00B5189B+202907]
	Ordinal0 [0x00B33DF4+81396]
	Ordinal0 [0x00B34DEE+85486]
	Ordinal0 [0x00B34D79+85369]
	Ordinal0 [0x00D485DC+2262492]
	GetHandleVerifier [0x00FD2874+1487204]
	GetHandleVerifier [0x00FD23CD+1486013]
	GetHandleVerifier [0x00FDA368+1518680]
	GetHandleVerifier [0x00FD2F4E+1488958]
	Ordinal0 [0x00D3ED0D+2223373]
	Ordinal0 [0x00D4A12B+2269483]
	Ordinal0 [0x00D4A26F+2269807]
	Ordinal0 [0x00D5ECB8+2354360]
	BaseThreadInitThunk [0x75DBFA29+25]
	RtlGetAppContainerNamedObjectPath [0x77B475F4+228]
	RtlGetAppContainerNamedObjectPath [0x77B475C4+180]
">
      <![CDATA[org.openqa.selenium.SessionNotCreatedException: session not created
from chrome not reachable
  (Session info: chrome=87.0.4280.141)
Build info: version: '3.141.59', revision: 'e82be7d358', time: '2018-11-14T08:17:03'
System info: host: 'DESKTOP-JDGVO00', ip: '192.168.29.2', os.name: 'Windows 10', os.arch: 'amd64', os.version: '10.0', java.version: '1.8.0_275'
Driver info: driver.version: ChromeDriver
remote stacktrace: Backtrace:
Ordinal0 [0x00E4C0C3+3326147]
Ordinal0 [0x00D30851+2164817]
Ordinal0 [0x00BB7140+618816]
Ordinal0 [0x00BAD404+578564]
Ordinal0 [0x00BADACB+580299]
Ordinal0 [0x00BAED35+585013]
Ordinal0 [0x00BA9D61+564577]
Ordinal0 [0x00BB82C0+623296]
Ordinal0 [0x00B56BDD+224221]
Ordinal0 [0x00B55CAC+220332]
Ordinal0 [0x00B5189B+202907]
Ordinal0 [0x00B33DF4+81396]
Ordinal0 [0x00B34DEE+85486]
Ordinal0 [0x00B34D79+85369]
Ordinal0 [0x00D485DC+2262492]
GetHandleVerifier [0x00FD2874+1487204]
GetHandleVerifier [0x00FD23CD+1486013]
GetHandleVerifier [0x00FDA368+1518680]
GetHandleVerifier [0x00FD2F4E+1488958]
Ordinal0 [0x00D3ED0D+2223373]
Ordinal0 [0x00D4A12B+2269483]
Ordinal0 [0x00D4A26F+2269807]
Ordinal0 [0x00D5ECB8+2354360]
BaseThreadInitThunk [0x75DBFA29+25]
RtlGetAppContainerNamedObjectPath [0x77B475F4+228]
RtlGetAppContainerNamedObjectPath [0x77B475C4+180]

at sun.reflect.NativeConstructorAccessorImpl.newInstance0(Native Method)
at sun.reflect.NativeConstructorAccessorImpl.newInstance(NativeConstructorAccessorImpl.java:62)
at sun.reflect.DelegatingConstructorAccessorImpl.newInstance(DelegatingConstructorAccessorImpl.java:45)
at java.lang.reflect.Constructor.newInstance(Constructor.java:423)
at org.openqa.selenium.remote.W3CHandshakeResponse.lambda$errorHandler$0(W3CHandshakeResponse.java:62)
at org.openqa.selenium.remote.HandshakeResponse.lambda$getResponseFunction$0(HandshakeResponse.java:30)
at org.openqa.selenium.remote.ProtocolHandshake.lambda$createSession$0(ProtocolHandshake.java:126)
at java.util.stream.ReferencePipeline$3$1.accept(ReferencePipeline.java:193)
at java.util.Spliterators$ArraySpliterator.tryAdvance(Spliterators.java:958)
at java.util.stream.ReferencePipeline.forEachWithCancel(ReferencePipeline.java:126)
at java.util.stream.AbstractPipeline.copyIntoWithCancel(AbstractPipeline.java:499)
at java.util.stream.AbstractPipeline.copyInto(AbstractPipeline.java:486)
at java.util.stream.AbstractPipeline.wrapAndCopyInto(AbstractPipeline.java:472)
at java.util.stream.FindOps$FindOp.evaluateSequential(FindOps.java:152)
at java.util.stream.AbstractPipeline.evaluate(AbstractPipeline.java:234)
at java.util.stream.ReferencePipeline.findFirst(ReferencePipeline.java:531)
at org.openqa.selenium.remote.ProtocolHandshake.createSession(ProtocolHandshake.java:128)
at org.openqa.selenium.remote.ProtocolHandshake.createSession(ProtocolHandshake.java:74)
at org.openqa.selenium.remote.HttpCommandExecutor.execute(HttpCommandExecutor.java:136)
at org.openqa.selenium.remote.service.DriverCommandExecutor.execute(DriverCommandExecutor.java:83)
at org.openqa.selenium.remote.RemoteWebDriver.execute(RemoteWebDriver.java:552)
at org.openqa.selenium.remote.RemoteWebDriver.startSession(RemoteWebDriver.java:213)
at org.openqa.selenium.remote.RemoteWebDriver.<init>(RemoteWebDriver.java:131)
at org.openqa.selenium.chrome.ChromeDriver.<init>(ChromeDriver.java:181)
at org.openqa.selenium.chrome.ChromeDriver.<init>(ChromeDriver.java:168)
at org.openqa.selenium.chrome.ChromeDriver.<init>(ChromeDriver.java:123)
at CommonUtil.TestBrowser.OpenChromeBrowser(TestBrowser.java:65)
at Day_003_Locators.TC02_name.Test2(TC02_name.java:19)
at sun.reflect.NativeMethodAccessorImpl.invoke0(Native Method)
at sun.reflect.NativeMethodAccessorImpl.invoke(NativeMethodAccessorImpl.java:62)
at sun.reflect.DelegatingMethodAccessorImpl.invoke(DelegatingMethodAccessorImpl.java:43)
at java.lang.reflect.Method.invoke(Method.java:498)
at org.testng.internal.MethodInvocationHelper.invokeMethod(MethodInvocationHelper.java:132)
at org.testng.internal.TestInvoker.invokeMethod(TestInvoker.java:599)
at org.testng.internal.TestInvoker.invokeTestMethod(TestInvoker.java:174)
at org.testng.internal.MethodRunner.runInSequence(MethodRunner.java:46)
at org.testng.internal.TestInvoker$MethodInvocationAgent.invoke(TestInvoker.java:822)
at org.testng.internal.TestInvoker.invokeTestMethods(TestInvoker.java:147)
at org.testng.internal.TestMethodWorker.invokeTestMethods(TestMethodWorker.java:146)
at org.testng.internal.TestMethodWorker.run(TestMethodWorker.java:128)
at java.util.ArrayList.forEach(ArrayList.java:1259)
at org.testng.TestRunner.privateRun(TestRunner.java:764)
at org.testng.TestRunner.run(TestRunner.java:585)
at org.testng.SuiteRunner.runTest(SuiteRunner.java:384)
at org.testng.SuiteRunner.runSequentially(SuiteRunner.java:378)
at org.testng.SuiteRunner.privateRun(SuiteRunner.java:337)
at org.testng.SuiteRunner.run(SuiteRunner.java:286)
at org.testng.SuiteRunnerWorker.runSuite(SuiteRunnerWorker.java:53)
at org.testng.SuiteRunnerWorker.run(SuiteRunnerWorker.java:96)
at org.testng.TestNG.runSuitesSequentially(TestNG.java:1218)
at org.testng.TestNG.runSuitesLocally(TestNG.java:1140)
at org.testng.TestNG.runSuites(TestNG.java:1069)
at org.testng.TestNG.run(TestNG.java:1037)
at org.testng.remote.AbstractRemoteTestNG.run(AbstractRemoteTestNG.java:115)
at org.testng.remote.RemoteTestNG.initAndRun(RemoteTestNG.java:251)
at org.testng.remote.RemoteTestNG.main(RemoteTestNG.java:77)
]]>
    </error>
  </testcase> <!-- Test2 -->
  <system-out/>
</testsuite> <!-- Day_003_Locators.TC02_name -->
